<?xml version="1.0" encoding="UTF-8"?>
<testng-results skipped="0" failed="1" total="6" passed="5">
  <reporter-output>
  </reporter-output>
  <suite name="PHPTravels Test" duration-ms="63922" started-at="2017-09-04T22:32:37Z" finished-at="2017-09-04T22:33:41Z">
    <groups>
    </groups>
    <test name="Chrome" duration-ms="19427" started-at="2017-09-04T22:32:37Z" finished-at="2017-09-04T22:32:56Z">
      <class name="testing.LoginTest">
        <test-method status="PASS" signature="setupDriver(java.lang.String)[pri:0, instance:testing.LoginTest@61832929]" name="setupDriver" is-config="true" duration-ms="3394" started-at="2017-09-04T15:32:37Z" finished-at="2017-09-04T15:32:40Z">
          <params>
            <param index="0">
              <value>
                <![CDATA[chrome]]>
              </value>
            </param>
          </params>
          <reporter-output>
          </reporter-output>
        </test-method> <!-- setupDriver -->
        <test-method status="PASS" signature="failLogin(java.lang.String, java.lang.String)[pri:0, instance:testing.LoginTest@61832929]" name="failLogin" duration-ms="4473" started-at="2017-09-04T15:32:40Z" finished-at="2017-09-04T15:32:45Z">
          <params>
            <param index="0">
              <value>
                <![CDATA[fake@phptravels.com]]>
              </value>
            </param>
            <param index="1">
              <value>
                <![CDATA[fake]]>
              </value>
            </param>
          </params>
          <reporter-output>
          </reporter-output>
        </test-method> <!-- failLogin -->
        <test-method status="FAIL" signature="login(java.lang.String, java.lang.String)[pri:0, instance:testing.LoginTest@61832929]" name="login" duration-ms="531" started-at="2017-09-04T15:32:45Z" depends-on-methods="testing.LoginTest.failLogin" finished-at="2017-09-04T15:32:45Z">
          <params>
            <param index="0">
              <value>
                <![CDATA[user@phptravels.com]]>
              </value>
            </param>
            <param index="1">
              <value>
                <![CDATA[demouser]]>
              </value>
            </param>
          </params>
          <exception class="org.openqa.selenium.InvalidElementStateException">
            <message>
              <![CDATA[invalid element state: Element is not currently interactable and may not be manipulated
  (Session info: chrome=60.0.3112.113)
  (Driver info: chromedriver=2.32.498550 (9dec58e66c31bcc53a9ce3c7226f0c1c5810906a),platform=Windows NT 10.0.15063 x86_64) (WARNING: The server did not provide any stacktrace information)
Command duration or timeout: 51 milliseconds
Build info: version: '3.4.0', revision: 'unknown', time: 'unknown'
System info: host: 'ULISES', ip: '192.168.56.1', os.name: 'Windows 8.1', os.arch: 'amd64', os.version: '6.3', java.version: '1.8.0_45'
Driver info: org.openqa.selenium.remote.RemoteWebDriver
Capabilities [{applicationCacheEnabled=false, rotatable=false, mobileEmulationEnabled=false, networkConnectionEnabled=false, chrome={chromedriverVersion=2.32.498550 (9dec58e66c31bcc53a9ce3c7226f0c1c5810906a), userDataDir=C:\Users\UlisesM\AppData\Local\Temp\scoped_dir12220_17953}, takesHeapSnapshot=true, pageLoadStrategy=normal, databaseEnabled=false, handlesAlerts=true, hasTouchScreen=false, version=60.0.3112.113, platform=WIN8_1, browserConnectionEnabled=false, nativeEvents=true, acceptSslCerts=true, locationContextEnabled=true, webStorageEnabled=true, browserName=chrome, takesScreenshot=true, javascriptEnabled=true, cssSelectorsEnabled=true, setWindowRect=true, unexpectedAlertBehaviour=}]
Session ID: 3ad9d7e919a0692a4a4311697d7d13cf]]>
            </message>
            <full-stacktrace>
              <![CDATA[org.openqa.selenium.InvalidElementStateException: invalid element state: Element is not currently interactable and may not be manipulated
  (Session info: chrome=60.0.3112.113)
  (Driver info: chromedriver=2.32.498550 (9dec58e66c31bcc53a9ce3c7226f0c1c5810906a),platform=Windows NT 10.0.15063 x86_64) (WARNING: The server did not provide any stacktrace information)
Command duration or timeout: 51 milliseconds
Build info: version: '3.4.0', revision: 'unknown', time: 'unknown'
System info: host: 'ULISES', ip: '192.168.56.1', os.name: 'Windows 8.1', os.arch: 'amd64', os.version: '6.3', java.version: '1.8.0_45'
Driver info: org.openqa.selenium.remote.RemoteWebDriver
Capabilities [{applicationCacheEnabled=false, rotatable=false, mobileEmulationEnabled=false, networkConnectionEnabled=false, chrome={chromedriverVersion=2.32.498550 (9dec58e66c31bcc53a9ce3c7226f0c1c5810906a), userDataDir=C:\Users\UlisesM\AppData\Local\Temp\scoped_dir12220_17953}, takesHeapSnapshot=true, pageLoadStrategy=normal, databaseEnabled=false, handlesAlerts=true, hasTouchScreen=false, version=60.0.3112.113, platform=WIN8_1, browserConnectionEnabled=false, nativeEvents=true, acceptSslCerts=true, locationContextEnabled=true, webStorageEnabled=true, browserName=chrome, takesScreenshot=true, javascriptEnabled=true, cssSelectorsEnabled=true, setWindowRect=true, unexpectedAlertBehaviour=}]
Session ID: 3ad9d7e919a0692a4a4311697d7d13cf
	at sun.reflect.NativeConstructorAccessorImpl.newInstance0(Native Method)
	at sun.reflect.NativeConstructorAccessorImpl.newInstance(NativeConstructorAccessorImpl.java:62)
	at sun.reflect.DelegatingConstructorAccessorImpl.newInstance(DelegatingConstructorAccessorImpl.java:45)
	at java.lang.reflect.Constructor.newInstance(Constructor.java:422)
	at org.openqa.selenium.remote.ErrorHandler.createThrowable(ErrorHandler.java:215)
	at org.openqa.selenium.remote.ErrorHandler.throwIfResponseFailed(ErrorHandler.java:167)
	at org.openqa.selenium.remote.RemoteWebDriver.execute(RemoteWebDriver.java:671)
	at org.openqa.selenium.remote.RemoteWebElement.execute(RemoteWebElement.java:272)
	at org.openqa.selenium.remote.RemoteWebElement.clear(RemoteWebElement.java:114)
	at sun.reflect.NativeMethodAccessorImpl.invoke0(Native Method)
	at sun.reflect.NativeMethodAccessorImpl.invoke(NativeMethodAccessorImpl.java:62)
	at sun.reflect.DelegatingMethodAccessorImpl.invoke(DelegatingMethodAccessorImpl.java:43)
	at java.lang.reflect.Method.invoke(Method.java:497)
	at org.openqa.selenium.support.pagefactory.internal.LocatingElementHandler.invoke(LocatingElementHandler.java:51)
	at com.sun.proxy.$Proxy8.clear(Unknown Source)
	at pageObjects.LoginPage.enterUserName(LoginPage.java:28)
	at testing.LoginTest.login(LoginTest.java:22)
	at sun.reflect.NativeMethodAccessorImpl.invoke0(Native Method)
	at sun.reflect.NativeMethodAccessorImpl.invoke(NativeMethodAccessorImpl.java:62)
	at sun.reflect.DelegatingMethodAccessorImpl.invoke(DelegatingMethodAccessorImpl.java:43)
	at java.lang.reflect.Method.invoke(Method.java:497)
	at org.testng.internal.MethodInvocationHelper.invokeMethod(MethodInvocationHelper.java:80)
	at org.testng.internal.Invoker.invokeMethod(Invoker.java:714)
	at org.testng.internal.Invoker.invokeTestMethod(Invoker.java:901)
	at org.testng.internal.Invoker.invokeTestMethods(Invoker.java:1231)
	at org.testng.internal.TestMethodWorker.invokeTestMethods(TestMethodWorker.java:127)
	at org.testng.internal.TestMethodWorker.run(TestMethodWorker.java:111)
	at org.testng.TestRunner.privateRun(TestRunner.java:767)
	at org.testng.TestRunner.run(TestRunner.java:617)
	at org.testng.SuiteRunner.runTest(SuiteRunner.java:334)
	at org.testng.SuiteRunner.runSequentially(SuiteRunner.java:329)
	at org.testng.SuiteRunner.privateRun(SuiteRunner.java:291)
	at org.testng.SuiteRunner.run(SuiteRunner.java:240)
	at org.testng.SuiteRunnerWorker.runSuite(SuiteRunnerWorker.java:52)
	at org.testng.SuiteRunnerWorker.run(SuiteRunnerWorker.java:86)
	at org.testng.TestNG.runSuitesSequentially(TestNG.java:1198)
	at org.testng.TestNG.runSuitesLocally(TestNG.java:1123)
	at org.testng.TestNG.run(TestNG.java:1031)
	at org.testng.remote.AbstractRemoteTestNG.run(AbstractRemoteTestNG.java:132)
	at org.testng.remote.RemoteTestNG.initAndRun(RemoteTestNG.java:230)
	at org.testng.remote.RemoteTestNG.main(RemoteTestNG.java:76)
]]>
            </full-stacktrace>
          </exception> <!-- org.openqa.selenium.InvalidElementStateException -->
          <reporter-output>
          </reporter-output>
        </test-method> <!-- login -->
        <test-method status="PASS" signature="quitDriver()[pri:0, instance:testing.LoginTest@61832929]" name="quitDriver" is-config="true" duration-ms="264" started-at="2017-09-04T15:32:45Z" finished-at="2017-09-04T15:32:46Z">
          <reporter-output>
          </reporter-output>
        </test-method> <!-- quitDriver -->
      </class> <!-- testing.LoginTest -->
      <class name="testing.HomeTest">
        <test-method status="PASS" signature="setupDriver(java.lang.String)[pri:0, instance:testing.HomeTest@18be83e4]" name="setupDriver" is-config="true" duration-ms="3058" started-at="2017-09-04T15:32:46Z" finished-at="2017-09-04T15:32:49Z">
          <params>
            <param index="0">
              <value>
                <![CDATA[chrome]]>
              </value>
            </param>
          </params>
          <reporter-output>
          </reporter-output>
        </test-method> <!-- setupDriver -->
        <test-method status="PASS" signature="nextDayHotel()[pri:0, instance:testing.HomeTest@18be83e4]" name="nextDayHotel" duration-ms="7556" started-at="2017-09-04T15:32:49Z" finished-at="2017-09-04T15:32:56Z">
          <reporter-output>
          </reporter-output>
        </test-method> <!-- nextDayHotel -->
        <test-method status="PASS" signature="quitDriver()[pri:0, instance:testing.HomeTest@18be83e4]" name="quitDriver" is-config="true" duration-ms="122" started-at="2017-09-04T15:32:56Z" finished-at="2017-09-04T15:32:56Z">
          <reporter-output>
          </reporter-output>
        </test-method> <!-- quitDriver -->
      </class> <!-- testing.HomeTest -->
    </test> <!-- Chrome -->
    <test name="Firefox" duration-ms="44432" started-at="2017-09-04T22:32:56Z" finished-at="2017-09-04T22:33:41Z">
      <class name="testing.LoginTest">
        <test-method status="PASS" signature="setupDriver(java.lang.String)[pri:0, instance:testing.LoginTest@7d9d1a19]" name="setupDriver" is-config="true" duration-ms="8741" started-at="2017-09-04T15:32:56Z" finished-at="2017-09-04T15:33:05Z">
          <params>
            <param index="0">
              <value>
                <![CDATA[firefox]]>
              </value>
            </param>
          </params>
          <reporter-output>
          </reporter-output>
        </test-method> <!-- setupDriver -->
        <test-method status="PASS" signature="failLogin(java.lang.String, java.lang.String)[pri:0, instance:testing.LoginTest@7d9d1a19]" name="failLogin" duration-ms="7282" started-at="2017-09-04T15:33:05Z" finished-at="2017-09-04T15:33:13Z">
          <params>
            <param index="0">
              <value>
                <![CDATA[fake@phptravels.com]]>
              </value>
            </param>
            <param index="1">
              <value>
                <![CDATA[fake]]>
              </value>
            </param>
          </params>
          <reporter-output>
          </reporter-output>
        </test-method> <!-- failLogin -->
        <test-method status="PASS" signature="login(java.lang.String, java.lang.String)[pri:0, instance:testing.LoginTest@7d9d1a19]" name="login" duration-ms="8860" started-at="2017-09-04T15:33:13Z" depends-on-methods="testing.LoginTest.failLogin" finished-at="2017-09-04T15:33:21Z">
          <params>
            <param index="0">
              <value>
                <![CDATA[user@phptravels.com]]>
              </value>
            </param>
            <param index="1">
              <value>
                <![CDATA[demouser]]>
              </value>
            </param>
          </params>
          <reporter-output>
          </reporter-output>
        </test-method> <!-- login -->
        <test-method status="PASS" signature="quitDriver()[pri:0, instance:testing.LoginTest@7d9d1a19]" name="quitDriver" is-config="true" duration-ms="553" started-at="2017-09-04T15:33:21Z" finished-at="2017-09-04T15:33:22Z">
          <reporter-output>
          </reporter-output>
        </test-method> <!-- quitDriver -->
      </class> <!-- testing.LoginTest -->
      <class name="testing.HomeTest">
        <test-method status="PASS" signature="setupDriver(java.lang.String)[pri:0, instance:testing.HomeTest@4883b407]" name="setupDriver" is-config="true" duration-ms="7616" started-at="2017-09-04T15:33:22Z" finished-at="2017-09-04T15:33:30Z">
          <params>
            <param index="0">
              <value>
                <![CDATA[firefox]]>
              </value>
            </param>
          </params>
          <reporter-output>
          </reporter-output>
        </test-method> <!-- setupDriver -->
        <test-method status="PASS" signature="nextDayHotel()[pri:0, instance:testing.HomeTest@4883b407]" name="nextDayHotel" duration-ms="10777" started-at="2017-09-04T15:33:30Z" finished-at="2017-09-04T15:33:40Z">
          <reporter-output>
          </reporter-output>
        </test-method> <!-- nextDayHotel -->
        <test-method status="PASS" signature="quitDriver()[pri:0, instance:testing.HomeTest@4883b407]" name="quitDriver" is-config="true" duration-ms="603" started-at="2017-09-04T15:33:40Z" finished-at="2017-09-04T15:33:41Z">
          <reporter-output>
          </reporter-output>
        </test-method> <!-- quitDriver -->
      </class> <!-- testing.HomeTest -->
    </test> <!-- Firefox -->
  </suite> <!-- PHPTravels Test -->
</testng-results>
